<?xml version="1.0" encoding="UTF-8"?>
<Site BuildName="(empty)"
	BuildStamp="20231204-0747-Experimental"
	Name="(empty)"
	Generator="ctest-3.25.1"
	CompilerName=""
	CompilerVersion=""
	OSName="Linux"
	Hostname="sanya-VirtualBox"
	OSRelease="6.2.0-37-generic"
	OSVersion="#38-Ubuntu SMP PREEMPT_DYNAMIC Mon Oct 30 21:04:52 UTC 2023"
	OSPlatform="x86_64"
	Is64Bits="1"
	VendorString="AuthenticAMD"
	VendorID="Advanced Micro Devices"
	FamilyID="25"
	ModelID="68"
	ProcessorCacheSize="512"
	NumberOfLogicalCPU="2"
	NumberOfPhysicalCPU="2"
	TotalVirtualMemory="2689"
	TotalPhysicalMemory="5035"
	LogicalProcessorsPerPhysical="1"
	ProcessorClockFrequency="3293.72"
	>
	<Testing>
		<StartDateTime>Dec 04 10:47 MSK</StartDateTime>
		<StartTestTime>1701676050</StartTestTime>
		<TestList/>
		<EndDateTime>Dec 04 10:47 MSK</EndDateTime>
		<EndTestTime>1701676050</EndTestTime>
		<ElapsedMinutes>0</ElapsedMinutes>
	</Testing>
</Site>
